app/build/intermediates/manifest_merge_blame_file/debug/manifest-merger-blame-debug-report.txt
1<?xml version="1.0" encoding="utf-8"?>
2<manifest xmlns:android="http://schemas.android.com/apk/res/android"
3    package="com.haukh.home"
4    android:versionCode="2"
5    android:versionName="1.1" >
6
7    <uses-sdk
8        android:minSdkVersion="23"
8-->src\main\AndroidManifest.xml
9        android:targetSdkVersion="29" />
9-->src\main\AndroidManifest.xml
10
11    <uses-permission android:name="android.permission.INTERNET" />
11-->src\main\AndroidManifest.xml:5:5-67
11-->src\main\AndroidManifest.xml:5:22-64
12    <uses-permission android:name="android.permission.ACCESS_NETWORK_STATE" />
12-->src\main\AndroidManifest.xml:6:5-79
12-->src\main\AndroidManifest.xml:6:22-76
13
14    <!-- Allow the app to access user phone GPS -->
15    <!-- (Coarse Location) Request this permission with the uses-permission. -->
16    <uses-permission android:name="android.permission.ACCESS_COARSE_LOCATION" />
16-->src\main\AndroidManifest.xml:10:5-81
16-->src\main\AndroidManifest.xml:10:22-78
17
18    <!-- Display Location Address- (Get a geographic location) -->
19    <uses-permission android:name="android.permission.ACCESS_FINE_LOCATION" />
19-->src\main\AndroidManifest.xml:13:5-79
19-->src\main\AndroidManifest.xml:13:22-76
20
21    <uses-feature
21-->[com.google.android.gms:play-services-maps:17.0.0] AndroidManifest.xml:26:5-28:35
22        android:glEsVersion="0x00020000"
22-->[com.google.android.gms:play-services-maps:17.0.0] AndroidManifest.xml:27:9-41
23        android:required="true" />
23-->[com.google.android.gms:play-services-maps:17.0.0] AndroidManifest.xml:28:9-32
24
25    <application
25-->src\main\AndroidManifest.xml:17:5-76:19
26        android:allowBackup="true"
26-->src\main\AndroidManifest.xml:18:9-35
27        android:appComponentFactory="androidx.core.app.CoreComponentFactory"
27-->[androidx.core:core:1.1.0] AndroidManifest.xml:24:18-86
28        android:debuggable="true"
29        android:icon="@mipmap/ic_launcher"
29-->src\main\AndroidManifest.xml:19:9-43
30        android:label="@string/app_name"
30-->src\main\AndroidManifest.xml:20:9-41
31        android:roundIcon="@mipmap/ic_launcher_round"
31-->src\main\AndroidManifest.xml:21:9-54
32        android:supportsRtl="true"
32-->src\main\AndroidManifest.xml:22:9-35
33        android:theme="@style/Theme.AppCompat.Light.NoActionBar" >
33-->src\main\AndroidManifest.xml:23:9-65
34        <activity android:name="com.haukh.home.MainActivity" >
34-->src\main\AndroidManifest.xml:24:9-30:20
34-->src\main\AndroidManifest.xml:24:19-47
35            <intent-filter>
35-->src\main\AndroidManifest.xml:25:13-29:29
36                <action android:name="android.intent.action.MAIN" />
36-->src\main\AndroidManifest.xml:26:17-69
36-->src\main\AndroidManifest.xml:26:25-66
37
38                <category android:name="android.intent.category.LAUNCHER" />
38-->src\main\AndroidManifest.xml:28:17-77
38-->src\main\AndroidManifest.xml:28:27-74
39            </intent-filter>
40        </activity>
41        <activity
41-->src\main\AndroidManifest.xml:31:9-40:20
42            android:name="com.haukh.home.DisplayMessageActivity"
42-->src\main\AndroidManifest.xml:32:13-51
43            android:label="@string/displayMessage"
43-->src\main\AndroidManifest.xml:33:13-51
44            android:parentActivityName="com.haukh.home.MainActivity" >
44-->src\main\AndroidManifest.xml:34:13-55
45
46            <!-- Parent activity meta-data to support 4.0 and lower -->
47            <meta-data
47-->src\main\AndroidManifest.xml:37:13-39:63
48                android:name="android.support.PARENT_ACTIVITY"
48-->src\main\AndroidManifest.xml:38:17-63
49                android:value="com.haukh.home.MainActivity" />
49-->src\main\AndroidManifest.xml:39:17-60
50        </activity>
51        <activity
51-->src\main\AndroidManifest.xml:41:9-44:58
52            android:name="com.haukh.home.Movies"
52-->src\main\AndroidManifest.xml:42:13-35
53            android:label="@string/title_movies"
53-->src\main\AndroidManifest.xml:43:13-49
54            android:parentActivityName="com.haukh.home.MainActivity" />
54-->src\main\AndroidManifest.xml:44:13-55
55        <activity
55-->src\main\AndroidManifest.xml:45:9-48:52
56            android:name="com.haukh.home.Movie"
56-->src\main\AndroidManifest.xml:46:13-34
57            android:label="Movie"
57-->src\main\AndroidManifest.xml:47:13-34
58            android:parentActivityName="com.haukh.home.Movies" />
58-->src\main\AndroidManifest.xml:48:13-49
59        <activity
59-->src\main\AndroidManifest.xml:49:9-52:58
60            android:name="com.haukh.home.AboutApp"
60-->src\main\AndroidManifest.xml:50:13-37
61            android:label="About"
61-->src\main\AndroidManifest.xml:51:13-34
62            android:parentActivityName="com.haukh.home.MainActivity" />
62-->src\main\AndroidManifest.xml:52:13-55
63        <activity
63-->src\main\AndroidManifest.xml:53:9-56:58
64            android:name="com.haukh.home.WebCam"
64-->src\main\AndroidManifest.xml:54:13-35
65            android:label="LiveCam"
65-->src\main\AndroidManifest.xml:55:13-36
66            android:parentActivityName="com.haukh.home.MainActivity" />
66-->src\main\AndroidManifest.xml:56:13-55
67
68        <!--
69             The API key for Google Maps-based APIs is defined as a string resource.
70             (See the file "res/values/google_maps_api.xml").
71             Note that the API key is linked to the encryption key used to sign the APK.
72             You need a different API key for each encryption key, including the release key that is used to
73             sign the APK for publishing.
74             You can define the keys for the debug and release targets in src/debug/ and src/release/. 
75        -->
76        <meta-data
76-->src\main\AndroidManifest.xml:66:9-68:55
77            android:name="com.google.android.geo.API_KEY"
77-->src\main\AndroidManifest.xml:67:13-58
78            android:value="@string/google_maps_key" />
78-->src\main\AndroidManifest.xml:68:13-52
79
80        <activity
80-->src\main\AndroidManifest.xml:70:9-74:20
81            android:name="com.haukh.home.MapsActivity"
81-->src\main\AndroidManifest.xml:71:13-41
82            android:label="@string/title_activity_maps"
82-->src\main\AndroidManifest.xml:72:13-56
83            android:parentActivityName="com.haukh.home.MainActivity" >
83-->src\main\AndroidManifest.xml:73:13-55
84        </activity>
85
86        <!-- Needs to be explicitly declared on P+ -->
87        <uses-library
87-->[com.google.android.gms:play-services-maps:17.0.0] AndroidManifest.xml:33:9-35:40
88            android:name="org.apache.http.legacy"
88-->[com.google.android.gms:play-services-maps:17.0.0] AndroidManifest.xml:34:13-50
89            android:required="false" />
89-->[com.google.android.gms:play-services-maps:17.0.0] AndroidManifest.xml:35:13-37
90
91        <provider
91-->[com.squareup.picasso:picasso:2.71828] AndroidManifest.xml:8:9-11:40
92            android:name="com.squareup.picasso.PicassoProvider"
92-->[com.squareup.picasso:picasso:2.71828] AndroidManifest.xml:9:13-64
93            android:authorities="com.haukh.home.com.squareup.picasso"
93-->[com.squareup.picasso:picasso:2.71828] AndroidManifest.xml:10:13-72
94            android:exported="false" />
94-->[com.squareup.picasso:picasso:2.71828] AndroidManifest.xml:11:13-37
95
96        <activity
96-->[com.google.android.gms:play-services-base:17.0.0] AndroidManifest.xml:23:9-26:75
97            android:name="com.google.android.gms.common.api.GoogleApiActivity"
97-->[com.google.android.gms:play-services-base:17.0.0] AndroidManifest.xml:24:13-79
98            android:exported="false"
98-->[com.google.android.gms:play-services-base:17.0.0] AndroidManifest.xml:25:13-37
99            android:theme="@android:style/Theme.Translucent.NoTitleBar" />
99-->[com.google.android.gms:play-services-base:17.0.0] AndroidManifest.xml:26:13-72
100
101        <meta-data
101-->[com.google.android.gms:play-services-basement:17.0.0] AndroidManifest.xml:23:9-25:69
102            android:name="com.google.android.gms.version"
102-->[com.google.android.gms:play-services-basement:17.0.0] AndroidManifest.xml:24:13-58
103            android:value="@integer/google_play_services_version" />
103-->[com.google.android.gms:play-services-basement:17.0.0] AndroidManifest.xml:25:13-66
104    </application>
105
106</manifest>